#! /usr/bin/vvp
:ivl_version "10.3 (stable)";
:ivl_delay_selection "TYPICAL";
:vpi_time_precision + 0;
:vpi_module "system";
:vpi_module "vhdl_sys";
:vpi_module "v2005_math";
:vpi_module "va_math";
S_0x55711dded0d0 .scope module, "mem_tb" "mem_tb" 2 1;
 .timescale 0 0;
v0x55711de364d0_0 .var "address", 3 0;
v0x55711de365b0_0 .var "clk", 0 0;
v0x55711de36680_0 .net "d_out", 3 0, v0x55711de36190_0;  1 drivers
v0x55711de36780_0 .var/i "i", 31 0;
v0x55711de36820_0 .var "read", 0 0;
S_0x55711dded250 .scope module, "m1" "memory" 2 11, 3 1 0, S_0x55711dded0d0;
 .timescale 0 0;
    .port_info 0 /INPUT 1 "clk"
    .port_info 1 /INPUT 1 "read"
    .port_info 2 /OUTPUT 4 "d_out"
    .port_info 3 /INPUT 4 "address"
v0x55711de00660_0 .net "address", 3 0, v0x55711de364d0_0;  1 drivers
v0x55711de360d0_0 .net "clk", 0 0, v0x55711de365b0_0;  1 drivers
v0x55711de36190_0 .var "d_out", 3 0;
v0x55711de36280 .array "data_ROM", 0 15, 3 0;
v0x55711de36340_0 .net "read", 0 0, v0x55711de36820_0;  1 drivers
E_0x55711de23f50 .event posedge, v0x55711de360d0_0;
    .scope S_0x55711dded250;
T_0 ;
    %vpi_call 3 8 "$readmemb", "data_ROM.mem", v0x55711de36280 {0 0 0};
    %end;
    .thread T_0;
    .scope S_0x55711dded250;
T_1 ;
    %wait E_0x55711de23f50;
    %load/vec4 v0x55711de36340_0;
    %flag_set/vec4 8;
    %jmp/0xz  T_1.0, 8;
    %load/vec4 v0x55711de00660_0;
    %pad/u 6;
    %ix/vec4 4;
    %load/vec4a v0x55711de36280, 4;
    %assign/vec4 v0x55711de36190_0, 0;
T_1.0 ;
    %jmp T_1;
    .thread T_1;
    .scope S_0x55711dded0d0;
T_2 ;
    %vpi_call 2 7 "$dumpfile", "v.vcd" {0 0 0};
    %vpi_call 2 8 "$dumpvars" {0 0 0};
    %end;
    .thread T_2;
    .scope S_0x55711dded0d0;
T_3 ;
    %pushi/vec4 1, 0, 1;
    %store/vec4 v0x55711de365b0_0, 0, 1;
    %pushi/vec4 1, 0, 1;
    %store/vec4 v0x55711de36820_0, 0, 1;
    %pushi/vec4 0, 0, 4;
    %store/vec4 v0x55711de364d0_0, 0, 4;
    %pushi/vec4 0, 0, 32;
    %store/vec4 v0x55711de36780_0, 0, 32;
T_3.0 ;
    %load/vec4 v0x55711de36780_0;
    %cmpi/s 15, 0, 32;
    %jmp/0xz T_3.1, 5;
    %wait E_0x55711de23f50;
    %load/vec4 v0x55711de364d0_0;
    %addi 1, 0, 4;
    %assign/vec4 v0x55711de364d0_0, 0;
    %load/vec4 v0x55711de36780_0;
    %addi 1, 0, 32;
    %store/vec4 v0x55711de36780_0, 0, 32;
    %jmp T_3.0;
T_3.1 ;
    %pushi/vec4 0, 0, 1;
    %store/vec4 v0x55711de36820_0, 0, 1;
    %delay 5000, 0;
    %vpi_call 2 23 "$finish" {0 0 0};
    %end;
    .thread T_3;
    .scope S_0x55711dded0d0;
T_4 ;
    %delay 10, 0;
    %load/vec4 v0x55711de365b0_0;
    %inv;
    %store/vec4 v0x55711de365b0_0, 0, 1;
    %jmp T_4;
    .thread T_4;
# The file index is used to find the file name in the following table.
:file_names 4;
    "N/A";
    "<interactive>";
    "mem_tb.v";
    "memory.v";
